# JRE version: OpenJDK Runtime Environment (8.0_222-b05) (build 1.8.0_222-b05)
# Java VM: OpenJDK 64-Bit Server VM (25.222-b05 mixed mode linux-amd64 compressed oops)
Heap:
 PSYoungGen      total 1180160K, used 0K [0x0000000777180000, 0x00000007c0000000, 0x00000007c0000000)
  eden space 1165824K, 0% used [0x0000000777180000,0x0000000777180000,0x00000007be400000)
  from space 14336K, 0% used [0x00000007be400000,0x00000007be400000,0x00000007bf200000)
  to   space 14336K, 0% used [0x00000007bf200000,0x00000007bf200000,0x00000007c0000000)
 ParOldGen       total 1974784K, used 493931K [0x00000006e5400000, 0x000000075dc80000, 0x0000000777180000)
  object space 1974784K, 25% used [0x00000006e5400000,0x000000070365acb0,0x000000075dc80000)
 Metaspace       used 75995K, capacity 84937K, committed 85208K, reserved 1122304K
  class space    used 10007K, capacity 11894K, committed 11992K, reserved 1048576K
GC Heap History (10 events):
Event: 16607.832 GC heap after
Heap after GC invocations=3721 (full 4):
 PSYoungGen      total 1180160K, used 10560K [0x0000000777180000, 0x00000007c0000000, 0x00000007c0000000)
  eden space 1165824K, 0% used [0x0000000777180000,0x0000000777180000,0x00000007be400000)
  from space 14336K, 73% used [0x00000007be400000,0x00000007bee500e8,0x00000007bf200000)
  to   space 14336K, 0% used [0x00000007bf200000,0x00000007bf200000,0x00000007c0000000)
 ParOldGen       total 1974784K, used 1970740K [0x00000006e5400000, 0x000000075dc80000, 0x0000000777180000)
  object space 1974784K, 99% used [0x00000006e5400000,0x000000075d88d2b0,0x000000075dc80000)
 Metaspace       used 76014K, capacity 84967K, committed 85208K, reserved 1122304K
  class space    used 10009K, capacity 11899K, committed 11992K, reserved 1048576K
}
Event: 16614.976 GC heap before
{Heap before GC invocations=3722 (full 4):
 PSYoungGen      total 1180160K, used 1176384K [0x0000000777180000, 0x00000007c0000000, 0x00000007c0000000)
  eden space 1165824K, 100% used [0x0000000777180000,0x00000007be400000,0x00000007be400000)
  from space 14336K, 73% used [0x00000007be400000,0x00000007bee500e8,0x00000007bf200000)
  to   space 14336K, 0% used [0x00000007bf200000,0x00000007bf200000,0x00000007c0000000)
 ParOldGen       total 1974784K, used 1970740K [0x00000006e5400000, 0x000000075dc80000, 0x0000000777180000)
  object space 1974784K, 99% used [0x00000006e5400000,0x000000075d88d2b0,0x000000075dc80000)
 Metaspace       used 76014K, capacity 84967K, committed 85208K, reserved 1122304K
  class space    used 10009K, capacity 11899K, committed 11992K, reserved 1048576K
Event: 16615.011 GC heap after
Heap after GC invocations=3722 (full 4):
 PSYoungGen      total 1180160K, used 10688K [0x0000000777180000, 0x00000007c0000000, 0x00000007c0000000)
  eden space 1165824K, 0% used [0x0000000777180000,0x0000000777180000,0x00000007be400000)
  from space 14336K, 74% used [0x00000007bf200000,0x00000007bfc700e8,0x00000007c0000000)
  to   space 14336K, 0% used [0x00000007be400000,0x00000007be400000,0x00000007bf200000)
 ParOldGen       total 1974784K, used 1970916K [0x00000006e5400000, 0x000000075dc80000, 0x0000000777180000)
  object space 1974784K, 99% used [0x00000006e5400000,0x000000075d8b92b0,0x000000075dc80000)
 Metaspace       used 76014K, capacity 84967K, committed 85208K, reserved 1122304K
  class space    used 10009K, capacity 11899K, committed 11992K, reserved 1048576K
}
Event: 16622.255 GC heap before
{Heap before GC invocations=3723 (full 4):
 PSYoungGen      total 1180160K, used 1176512K [0x0000000777180000, 0x00000007c0000000, 0x00000007c0000000)
  eden space 1165824K, 100% used [0x0000000777180000,0x00000007be400000,0x00000007be400000)
  from space 14336K, 74% used [0x00000007bf200000,0x00000007bfc700e8,0x00000007c0000000)
  to   space 14336K, 0% used [0x00000007be400000,0x00000007be400000,0x00000007bf200000)
 ParOldGen       total 1974784K, used 1970916K [0x00000006e5400000, 0x000000075dc80000, 0x0000000777180000)
  object space 1974784K, 99% used [0x00000006e5400000,0x000000075d8b92b0,0x000000075dc80000)
 Metaspace       used 76014K, capacity 84967K, committed 85208K, reserved 1122304K
  class space    used 10009K, capacity 11899K, committed 11992K, reserved 1048576K
Event: 16622.280 GC heap after
Heap after GC invocations=3723 (full 4):
 PSYoungGen      total 1180160K, used 10720K [0x0000000777180000, 0x00000007c0000000, 0x00000007c0000000)
  eden space 1165824K, 0% used [0x0000000777180000,0x0000000777180000,0x00000007be400000)
  from space 14336K, 74% used [0x00000007be400000,0x00000007bee780e8,0x00000007bf200000)
  to   space 14336K, 0% used [0x00000007bf200000,0x00000007bf200000,0x00000007c0000000)
 ParOldGen       total 1974784K, used 1970964K [0x00000006e5400000, 0x000000075dc80000, 0x0000000777180000)
  object space 1974784K, 99% used [0x00000006e5400000,0x000000075d8c52b0,0x000000075dc80000)
 Metaspace       used 76014K, capacity 84967K, committed 85208K, reserved 1122304K
  class space    used 10009K, capacity 11899K, committed 11992K, reserved 1048576K
}
Event: 16629.397 GC heap before
{Heap before GC invocations=3724 (full 4):
 PSYoungGen      total 1180160K, used 1176544K [0x0000000777180000, 0x00000007c0000000, 0x00000007c0000000)
  eden space 1165824K, 100% used [0x0000000777180000,0x00000007be400000,0x00000007be400000)
  from space 14336K, 74% used [0x00000007be400000,0x00000007bee780e8,0x00000007bf200000)
  to   space 14336K, 0% used [0x00000007bf200000,0x00000007bf200000,0x00000007c0000000)
 ParOldGen       total 1974784K, used 1970964K [0x00000006e5400000, 0x000000075dc80000, 0x0000000777180000)
  object space 1974784K, 99% used [0x00000006e5400000,0x000000075d8c52b0,0x000000075dc80000)
 Metaspace       used 76014K, capacity 84967K, committed 85208K, reserved 1122304K
  class space    used 10009K, capacity 11899K, committed 11992K, reserved 1048576K
Event: 16629.427 GC heap after
Heap after GC invocations=3724 (full 4):
 PSYoungGen      total 1180160K, used 10464K [0x0000000777180000, 0x00000007c0000000, 0x00000007c0000000)
  eden space 1165824K, 0% used [0x0000000777180000,0x0000000777180000,0x00000007be400000)
  from space 14336K, 72% used [0x00000007bf200000,0x00000007bfc380d8,0x00000007c0000000)
  to   space 14336K, 0% used [0x00000007be400000,0x00000007be400000,0x00000007bf200000)
 ParOldGen       total 1974784K, used 1971092K [0x00000006e5400000, 0x000000075dc80000, 0x0000000777180000)
  object space 1974784K, 99% used [0x00000006e5400000,0x000000075d8e52b0,0x000000075dc80000)
 Metaspace       used 76014K, capacity 84967K, committed 85208K, reserved 1122304K
  class space    used 10009K, capacity 11899K, committed 11992K, reserved 1048576K
}
Event: 16636.886 GC heap before
{Heap before GC invocations=3725 (full 4):
 PSYoungGen      total 1180160K, used 1176288K [0x0000000777180000, 0x00000007c0000000, 0x00000007c0000000)
  eden space 1165824K, 100% used [0x0000000777180000,0x00000007be400000,0x00000007be400000)
  from space 14336K, 72% used [0x00000007bf200000,0x00000007bfc380d8,0x00000007c0000000)
  to   space 14336K, 0% used [0x00000007be400000,0x00000007be400000,0x00000007bf200000)
 ParOldGen       total 1974784K, used 1971092K [0x00000006e5400000, 0x000000075dc80000, 0x0000000777180000)
  object space 1974784K, 99% used [0x00000006e5400000,0x000000075d8e52b0,0x000000075dc80000)
 Metaspace       used 76014K, capacity 84967K, committed 85208K, reserved 1122304K
  class space    used 10009K, capacity 11899K, committed 11992K, reserved 1048576K
Event: 16636.914 GC heap after
Heap after GC invocations=3725 (full 4):
 PSYoungGen      total 1180160K, used 7552K [0x0000000777180000, 0x00000007c0000000, 0x00000007c0000000)
  eden space 1165824K, 0% used [0x0000000777180000,0x0000000777180000,0x00000007be400000)
  from space 14336K, 52% used [0x00000007be400000,0x00000007beb600d8,0x00000007bf200000)
  to   space 14336K, 0% used [0x00000007bf200000,0x00000007bf200000,0x00000007c0000000)
 ParOldGen       total 1974784K, used 1974270K [0x00000006e5400000, 0x000000075dc80000, 0x0000000777180000)
  object space 1974784K, 99% used [0x00000006e5400000,0x000000075dbff970,0x000000075dc80000)
 Metaspace       used 76014K, capacity 84967K, committed 85208K, reserved 1122304K
  class space    used 10009K, capacity 11899K, committed 11992K, reserved 1048576K
}
Event: 16636.915 GC heap before
{Heap before GC invocations=3726 (full 5):
 PSYoungGen      total 1180160K, used 7552K [0x0000000777180000, 0x00000007c0000000, 0x00000007c0000000)
  eden space 1165824K, 0% used [0x0000000777180000,0x0000000777180000,0x00000007be400000)
  from space 14336K, 52% used [0x00000007be400000,0x00000007beb600d8,0x00000007bf200000)
  to   space 14336K, 0% used [0x00000007bf200000,0x00000007bf200000,0x00000007c0000000)
 ParOldGen       total 1974784K, used 1974270K [0x00000006e5400000, 0x000000075dc80000, 0x0000000777180000)
  object space 1974784K, 99% used [0x00000006e5400000,0x000000075dbff970,0x000000075dc80000)
 Metaspace       used 76014K, capacity 84967K, committed 85208K, reserved 1122304K
  class space    used 10009K, capacity 11899K, committed 11992K, reserved 1048576K

