# JRE version: OpenJDK Runtime Environment (8.0_222-b05) (build 1.8.0_222-b05)
# Java VM: OpenJDK 64-Bit Server VM (25.222-b05 mixed mode linux-amd64 compressed oops)
Heap:
 PSYoungGen      total 1187840K, used 0K [0x0000000777180000, 0x00000007c0000000, 0x00000007c0000000)
  eden space 1181696K, 0% used [0x0000000777180000,0x0000000777180000,0x00000007bf380000)
  from space 6144K, 0% used [0x00000007bf380000,0x00000007bf380000,0x00000007bf980000)
  to   space 6656K, 0% used [0x00000007bf980000,0x00000007bf980000,0x00000007c0000000)
 ParOldGen       total 2028544K, used 493530K [0x00000006e5400000, 0x0000000761100000, 0x0000000777180000)
  object space 2028544K, 24% used [0x00000006e5400000,0x00000007035f6840,0x0000000761100000)
 Metaspace       used 76108K, capacity 85201K, committed 85464K, reserved 1122304K
  class space    used 10010K, capacity 11948K, committed 11992K, reserved 1048576K
GC Heap History (10 events):
Event: 332649.896 GC heap after
Heap after GC invocations=20721 (full 4):
 PSYoungGen      total 1188352K, used 5280K [0x0000000777180000, 0x00000007c0000000, 0x00000007c0000000)
  eden space 1182208K, 0% used [0x0000000777180000,0x0000000777180000,0x00000007bf400000)
  from space 6144K, 85% used [0x00000007bf400000,0x00000007bf928078,0x00000007bfa00000)
  to   space 6144K, 0% used [0x00000007bfa00000,0x00000007bfa00000,0x00000007c0000000)
 ParOldGen       total 2028544K, used 1963201K [0x00000006e5400000, 0x0000000761100000, 0x0000000777180000)
  object space 2028544K, 96% used [0x00000006e5400000,0x000000075d130510,0x0000000761100000)
 Metaspace       used 76164K, capacity 85291K, committed 85464K, reserved 1122304K
  class space    used 10018K, capacity 11963K, committed 11992K, reserved 1048576K
}
Event: 332657.689 GC heap before
{Heap before GC invocations=20722 (full 4):
 PSYoungGen      total 1188352K, used 1187488K [0x0000000777180000, 0x00000007c0000000, 0x00000007c0000000)
  eden space 1182208K, 100% used [0x0000000777180000,0x00000007bf400000,0x00000007bf400000)
  from space 6144K, 85% used [0x00000007bf400000,0x00000007bf928078,0x00000007bfa00000)
  to   space 6144K, 0% used [0x00000007bfa00000,0x00000007bfa00000,0x00000007c0000000)
 ParOldGen       total 2028544K, used 1963201K [0x00000006e5400000, 0x0000000761100000, 0x0000000777180000)
  object space 2028544K, 96% used [0x00000006e5400000,0x000000075d130510,0x0000000761100000)
 Metaspace       used 76164K, capacity 85291K, committed 85464K, reserved 1122304K
  class space    used 10018K, capacity 11963K, committed 11992K, reserved 1048576K
Event: 332657.714 GC heap after
Heap after GC invocations=20722 (full 4):
 PSYoungGen      total 1187328K, used 5472K [0x0000000777180000, 0x00000007c0000000, 0x00000007c0000000)
  eden space 1181184K, 0% used [0x0000000777180000,0x0000000777180000,0x00000007bf300000)
  from space 6144K, 89% used [0x00000007bfa00000,0x00000007bff58088,0x00000007c0000000)
  to   space 6656K, 0% used [0x00000007bf300000,0x00000007bf300000,0x00000007bf980000)
 ParOldGen       total 2028544K, used 1963241K [0x00000006e5400000, 0x0000000761100000, 0x0000000777180000)
  object space 2028544K, 96% used [0x00000006e5400000,0x000000075d13a510,0x0000000761100000)
 Metaspace       used 76164K, capacity 85291K, committed 85464K, reserved 1122304K
  class space    used 10018K, capacity 11963K, committed 11992K, reserved 1048576K
}
Event: 332665.591 GC heap before
{Heap before GC invocations=20723 (full 4):
 PSYoungGen      total 1187328K, used 1186656K [0x0000000777180000, 0x00000007c0000000, 0x00000007c0000000)
  eden space 1181184K, 100% used [0x0000000777180000,0x00000007bf300000,0x00000007bf300000)
  from space 6144K, 89% used [0x00000007bfa00000,0x00000007bff58088,0x00000007c0000000)
  to   space 6656K, 0% used [0x00000007bf300000,0x00000007bf300000,0x00000007bf980000)
 ParOldGen       total 2028544K, used 1963241K [0x00000006e5400000, 0x0000000761100000, 0x0000000777180000)
  object space 2028544K, 96% used [0x00000006e5400000,0x000000075d13a510,0x0000000761100000)
 Metaspace       used 76164K, capacity 85291K, committed 85464K, reserved 1122304K
  class space    used 10018K, capacity 11963K, committed 11992K, reserved 1048576K
Event: 332665.621 GC heap after
Heap after GC invocations=20723 (full 4):
 PSYoungGen      total 1187840K, used 4928K [0x0000000777180000, 0x00000007bff80000, 0x00000007c0000000)
  eden space 1181184K, 0% used [0x0000000777180000,0x0000000777180000,0x00000007bf300000)
  from space 6656K, 74% used [0x00000007bf300000,0x00000007bf7d0088,0x00000007bf980000)
  to   space 6144K, 0% used [0x00000007bf980000,0x00000007bf980000,0x00000007bff80000)
 ParOldGen       total 2028544K, used 1963417K [0x00000006e5400000, 0x0000000761100000, 0x0000000777180000)
  object space 2028544K, 96% used [0x00000006e5400000,0x000000075d166510,0x0000000761100000)
 Metaspace       used 76164K, capacity 85291K, committed 85464K, reserved 1122304K
  class space    used 10018K, capacity 11963K, committed 11992K, reserved 1048576K
}
Event: 332673.687 GC heap before
{Heap before GC invocations=20724 (full 4):
 PSYoungGen      total 1187840K, used 1186112K [0x0000000777180000, 0x00000007bff80000, 0x00000007c0000000)
  eden space 1181184K, 100% used [0x0000000777180000,0x00000007bf300000,0x00000007bf300000)
  from space 6656K, 74% used [0x00000007bf300000,0x00000007bf7d0088,0x00000007bf980000)
  to   space 6144K, 0% used [0x00000007bf980000,0x00000007bf980000,0x00000007bff80000)
 ParOldGen       total 2028544K, used 1963417K [0x00000006e5400000, 0x0000000761100000, 0x0000000777180000)
  object space 2028544K, 96% used [0x00000006e5400000,0x000000075d166510,0x0000000761100000)
 Metaspace       used 76164K, capacity 85291K, committed 85464K, reserved 1122304K
  class space    used 10018K, capacity 11963K, committed 11992K, reserved 1048576K
Event: 332673.729 GC heap after
Heap after GC invocations=20724 (full 4):
 PSYoungGen      total 1187840K, used 5280K [0x0000000777180000, 0x00000007bff80000, 0x00000007c0000000)
  eden space 1181696K, 0% used [0x0000000777180000,0x0000000777180000,0x00000007bf380000)
  from space 6144K, 85% used [0x00000007bf980000,0x00000007bfea80e8,0x00000007bff80000)
  to   space 6144K, 0% used [0x00000007bf380000,0x00000007bf380000,0x00000007bf980000)
 ParOldGen       total 2028544K, used 1963473K [0x00000006e5400000, 0x0000000761100000, 0x0000000777180000)
  object space 2028544K, 96% used [0x00000006e5400000,0x000000075d174510,0x0000000761100000)
 Metaspace       used 76164K, capacity 85291K, committed 85464K, reserved 1122304K
  class space    used 10018K, capacity 11963K, committed 11992K, reserved 1048576K
}
Event: 332680.493 GC heap before
{Heap before GC invocations=20725 (full 4):
 PSYoungGen      total 1187840K, used 1186976K [0x0000000777180000, 0x00000007bff80000, 0x00000007c0000000)
  eden space 1181696K, 100% used [0x0000000777180000,0x00000007bf380000,0x00000007bf380000)
  from space 6144K, 85% used [0x00000007bf980000,0x00000007bfea80e8,0x00000007bff80000)
  to   space 6144K, 0% used [0x00000007bf380000,0x00000007bf380000,0x00000007bf980000)
 ParOldGen       total 2028544K, used 1963473K [0x00000006e5400000, 0x0000000761100000, 0x0000000777180000)
  object space 2028544K, 96% used [0x00000006e5400000,0x000000075d174510,0x0000000761100000)
 Metaspace       used 76164K, capacity 85291K, committed 85464K, reserved 1122304K
  class space    used 10018K, capacity 11963K, committed 11992K, reserved 1048576K
Event: 332680.594 GC heap after
Heap after GC invocations=20725 (full 4):
 PSYoungGen      total 1187840K, used 6112K [0x0000000777180000, 0x00000007c0000000, 0x00000007c0000000)
  eden space 1181696K, 0% used [0x0000000777180000,0x0000000777180000,0x00000007bf380000)
  from space 6144K, 99% used [0x00000007bf380000,0x00000007bf978090,0x00000007bf980000)
  to   space 6656K, 0% used [0x00000007bf980000,0x00000007bf980000,0x00000007c0000000)
 ParOldGen       total 2028544K, used 2016409K [0x00000006e5400000, 0x0000000761100000, 0x0000000777180000)
  object space 2028544K, 99% used [0x00000006e5400000,0x0000000760526550,0x0000000761100000)
 Metaspace       used 76164K, capacity 85291K, committed 85464K, reserved 1122304K
  class space    used 10018K, capacity 11963K, committed 11992K, reserved 1048576K
}
Event: 332680.595 GC heap before
{Heap before GC invocations=20726 (full 5):
 PSYoungGen      total 1187840K, used 6112K [0x0000000777180000, 0x00000007c0000000, 0x00000007c0000000)
  eden space 1181696K, 0% used [0x0000000777180000,0x0000000777180000,0x00000007bf380000)
  from space 6144K, 99% used [0x00000007bf380000,0x00000007bf978090,0x00000007bf980000)
  to   space 6656K, 0% used [0x00000007bf980000,0x00000007bf980000,0x00000007c0000000)
 ParOldGen       total 2028544K, used 2016409K [0x00000006e5400000, 0x0000000761100000, 0x0000000777180000)
  object space 2028544K, 99% used [0x00000006e5400000,0x0000000760526550,0x0000000761100000)
 Metaspace       used 76164K, capacity 85291K, committed 85464K, reserved 1122304K
  class space    used 10018K, capacity 11963K, committed 11992K, reserved 1048576K

