# JRE version: OpenJDK Runtime Environment (8.0_222-b05) (build 1.8.0_222-b05)
# Java VM: OpenJDK 64-Bit Server VM (25.222-b05 mixed mode linux-amd64 compressed oops)
Heap:
 PSYoungGen      total 1063936K, used 0K [0x0000000777180000, 0x00000007c0000000, 0x00000007c0000000)
  eden space 933376K, 0% used [0x0000000777180000,0x0000000777180000,0x00000007b0100000)
  from space 130560K, 0% used [0x00000007b0100000,0x00000007b0100000,0x00000007b8080000)
  to   space 130560K, 0% used [0x00000007b8080000,0x00000007b8080000,0x00000007c0000000)
 ParOldGen       total 2232832K, used 537515K [0x00000006e5400000, 0x000000076d880000, 0x0000000777180000)
  object space 2232832K, 24% used [0x00000006e5400000,0x00000007060eadf0,0x000000076d880000)
 Metaspace       used 77048K, capacity 86283K, committed 86616K, reserved 1124352K
  class space    used 10134K, capacity 12065K, committed 12120K, reserved 1048576K
GC Heap History (10 events):
Event: 32092.500 GC heap after
Heap after GC invocations=3867 (full 4):
 PSYoungGen      total 1034752K, used 93205K [0x0000000777180000, 0x00000007bfe80000, 0x00000007c0000000)
  eden space 941056K, 0% used [0x0000000777180000,0x0000000777180000,0x00000007b0880000)
  from space 93696K, 99% used [0x00000007b0880000,0x00000007b6385660,0x00000007b6400000)
  to   space 125952K, 0% used [0x00000007b8380000,0x00000007b8380000,0x00000007bfe80000)
 ParOldGen       total 2232832K, used 2201146K [0x00000006e5400000, 0x000000076d880000, 0x0000000777180000)
  object space 2232832K, 98% used [0x00000006e5400000,0x000000076b98eb28,0x000000076d880000)
 Metaspace       used 77099K, capacity 86375K, committed 86616K, reserved 1124352K
  class space    used 10142K, capacity 12081K, committed 12120K, reserved 1048576K
}
Event: 32097.956 GC heap before
{Heap before GC invocations=3868 (full 4):
 PSYoungGen      total 1034752K, used 1034261K [0x0000000777180000, 0x00000007bfe80000, 0x00000007c0000000)
  eden space 941056K, 100% used [0x0000000777180000,0x00000007b0880000,0x00000007b0880000)
  from space 93696K, 99% used [0x00000007b0880000,0x00000007b6385660,0x00000007b6400000)
  to   space 125952K, 0% used [0x00000007b8380000,0x00000007b8380000,0x00000007bfe80000)
 ParOldGen       total 2232832K, used 2201146K [0x00000006e5400000, 0x000000076d880000, 0x0000000777180000)
  object space 2232832K, 98% used [0x00000006e5400000,0x000000076b98eb28,0x000000076d880000)
 Metaspace       used 77103K, capacity 86375K, committed 86616K, reserved 1124352K
  class space    used 10142K, capacity 12081K, committed 12120K, reserved 1048576K
Event: 32098.035 GC heap after
Heap after GC invocations=3868 (full 4):
 PSYoungGen      total 1066496K, used 96930K [0x0000000777180000, 0x00000007c0000000, 0x00000007c0000000)
  eden space 940544K, 0% used [0x0000000777180000,0x0000000777180000,0x00000007b0800000)
  from space 125952K, 76% used [0x00000007b8380000,0x00000007be228a40,0x00000007bfe80000)
  to   space 126464K, 0% used [0x00000007b0800000,0x00000007b0800000,0x00000007b8380000)
 ParOldGen       total 2232832K, used 2209105K [0x00000006e5400000, 0x000000076d880000, 0x0000000777180000)
  object space 2232832K, 98% used [0x00000006e5400000,0x000000076c154558,0x000000076d880000)
 Metaspace       used 77103K, capacity 86375K, committed 86616K, reserved 1124352K
  class space    used 10142K, capacity 12081K, committed 12120K, reserved 1048576K
}
Event: 32102.710 GC heap before
{Heap before GC invocations=3869 (full 4):
 PSYoungGen      total 1066496K, used 1037474K [0x0000000777180000, 0x00000007c0000000, 0x00000007c0000000)
  eden space 940544K, 100% used [0x0000000777180000,0x00000007b0800000,0x00000007b0800000)
  from space 125952K, 76% used [0x00000007b8380000,0x00000007be228a40,0x00000007bfe80000)
  to   space 126464K, 0% used [0x00000007b0800000,0x00000007b0800000,0x00000007b8380000)
 ParOldGen       total 2232832K, used 2209105K [0x00000006e5400000, 0x000000076d880000, 0x0000000777180000)
  object space 2232832K, 98% used [0x00000006e5400000,0x000000076c154558,0x000000076d880000)
 Metaspace       used 77105K, capacity 86379K, committed 86616K, reserved 1124352K
  class space    used 10142K, capacity 12081K, committed 12120K, reserved 1048576K
Event: 32102.788 GC heap after
Heap after GC invocations=3869 (full 4):
 PSYoungGen      total 1042944K, used 102034K [0x0000000777180000, 0x00000007c0000000, 0x00000007c0000000)
  eden space 940544K, 0% used [0x0000000777180000,0x0000000777180000,0x00000007b0800000)
  from space 102400K, 99% used [0x00000007b0800000,0x00000007b6ba4a58,0x00000007b6c00000)
  to   space 129024K, 0% used [0x00000007b8200000,0x00000007b8200000,0x00000007c0000000)
 ParOldGen       total 2232832K, used 2215909K [0x00000006e5400000, 0x000000076d880000, 0x0000000777180000)
  object space 2232832K, 99% used [0x00000006e5400000,0x000000076c7f95b8,0x000000076d880000)
 Metaspace       used 77105K, capacity 86379K, committed 86616K, reserved 1124352K
  class space    used 10142K, capacity 12081K, committed 12120K, reserved 1048576K
}
Event: 32108.290 GC heap before
{Heap before GC invocations=3870 (full 4):
 PSYoungGen      total 1042944K, used 1042578K [0x0000000777180000, 0x00000007c0000000, 0x00000007c0000000)
  eden space 940544K, 100% used [0x0000000777180000,0x00000007b0800000,0x00000007b0800000)
  from space 102400K, 99% used [0x00000007b0800000,0x00000007b6ba4a58,0x00000007b6c00000)
  to   space 129024K, 0% used [0x00000007b8200000,0x00000007b8200000,0x00000007c0000000)
 ParOldGen       total 2232832K, used 2215909K [0x00000006e5400000, 0x000000076d880000, 0x0000000777180000)
  object space 2232832K, 99% used [0x00000006e5400000,0x000000076c7f95b8,0x000000076d880000)
 Metaspace       used 77105K, capacity 86379K, committed 86616K, reserved 1124352K
  class space    used 10142K, capacity 12081K, committed 12120K, reserved 1048576K
Event: 32108.389 GC heap after
Heap after GC invocations=3870 (full 4):
 PSYoungGen      total 1062400K, used 102882K [0x0000000777180000, 0x00000007c0000000, 0x00000007c0000000)
  eden space 933376K, 0% used [0x0000000777180000,0x0000000777180000,0x00000007b0100000)
  from space 129024K, 79% used [0x00000007b8200000,0x00000007be678a40,0x00000007c0000000)
  to   space 130560K, 0% used [0x00000007b0100000,0x00000007b0100000,0x00000007b8080000)
 ParOldGen       total 2232832K, used 2219694K [0x00000006e5400000, 0x000000076d880000, 0x0000000777180000)
  object space 2232832K, 99% used [0x00000006e5400000,0x000000076cbab818,0x000000076d880000)
 Metaspace       used 77105K, capacity 86379K, committed 86616K, reserved 1124352K
  class space    used 10142K, capacity 12081K, committed 12120K, reserved 1048576K
}
Event: 32115.238 GC heap before
{Heap before GC invocations=3871 (full 4):
 PSYoungGen      total 1062400K, used 1036258K [0x0000000777180000, 0x00000007c0000000, 0x00000007c0000000)
  eden space 933376K, 100% used [0x0000000777180000,0x00000007b0100000,0x00000007b0100000)
  from space 129024K, 79% used [0x00000007b8200000,0x00000007be678a40,0x00000007c0000000)
  to   space 130560K, 0% used [0x00000007b0100000,0x00000007b0100000,0x00000007b8080000)
 ParOldGen       total 2232832K, used 2219694K [0x00000006e5400000, 0x000000076d880000, 0x0000000777180000)
  object space 2232832K, 99% used [0x00000006e5400000,0x000000076cbab818,0x000000076d880000)
 Metaspace       used 77106K, capacity 86379K, committed 86616K, reserved 1124352K
  class space    used 10142K, capacity 12081K, committed 12120K, reserved 1048576K
Event: 32115.321 GC heap after
Heap after GC invocations=3871 (full 4):
 PSYoungGen      total 1063936K, used 100320K [0x0000000777180000, 0x00000007c0000000, 0x00000007c0000000)
  eden space 933376K, 0% used [0x0000000777180000,0x0000000777180000,0x00000007b0100000)
  from space 130560K, 76% used [0x00000007b0100000,0x00000007b62f82c8,0x00000007b8080000)
  to   space 130560K, 0% used [0x00000007b8080000,0x00000007b8080000,0x00000007c0000000)
 ParOldGen       total 2232832K, used 2223910K [0x00000006e5400000, 0x000000076d880000, 0x0000000777180000)
  object space 2232832K, 99% used [0x00000006e5400000,0x000000076cfc99e8,0x000000076d880000)
 Metaspace       used 77106K, capacity 86379K, committed 86616K, reserved 1124352K
  class space    used 10142K, capacity 12081K, committed 12120K, reserved 1048576K
}
Event: 32115.321 GC heap before
{Heap before GC invocations=3872 (full 5):
 PSYoungGen      total 1063936K, used 100320K [0x0000000777180000, 0x00000007c0000000, 0x00000007c0000000)
  eden space 933376K, 0% used [0x0000000777180000,0x0000000777180000,0x00000007b0100000)
  from space 130560K, 76% used [0x00000007b0100000,0x00000007b62f82c8,0x00000007b8080000)
  to   space 130560K, 0% used [0x00000007b8080000,0x00000007b8080000,0x00000007c0000000)
 ParOldGen       total 2232832K, used 2223910K [0x00000006e5400000, 0x000000076d880000, 0x0000000777180000)
  object space 2232832K, 99% used [0x00000006e5400000,0x000000076cfc99e8,0x000000076d880000)
 Metaspace       used 77106K, capacity 86379K, committed 86616K, reserved 1124352K
  class space    used 10142K, capacity 12081K, committed 12120K, reserved 1048576K

